<?xml version="1.0" encoding="UTF-8"?>
<!-- Generated by org.testng.reporters.JUnitReportReporter -->
<testsuite hostname="DESKTOP-CDC3CTN" name="com.asedemo.jenkins.DemoforMaven" tests="1" failures="0" timestamp="21 Apr 2017 03:36:58 GMT" time="0.010" errors="0">
  <testcase name="testHello" time="0.010" classname="com.asedemo.jenkins.DemoforMaven"/>
</testsuite>
